0 info it worked if it ends with ok
1 verbose cli [ '/usr/local/bin/node',
1 verbose cli   '/usr/local/lib/node_modules/npm/bin/npm-cli.js',
1 verbose cli   'run',
1 verbose cli   'dev' ]
2 info using npm@3.9.0
3 info using node@v6.1.0
4 verbose run-script [ 'predev', 'dev', 'postdev' ]
5 info lifecycle Test@0.0.1~predev: Test@0.0.1
6 silly lifecycle Test@0.0.1~predev: no script for predev, continuing
7 info lifecycle Test@0.0.1~dev: Test@0.0.1
8 verbose lifecycle Test@0.0.1~dev: unsafe-perm in lifecycle true
9 verbose lifecycle Test@0.0.1~dev: PATH: /usr/local/lib/node_modules/npm/bin/node-gyp-bin:/Users/pavlenkv/testproj/node_modules/.bin:/usr/local/bin:/usr/bin:/bin:/usr/sbin:/sbin:/opt/X11/bin:/Library/FINRA/CocoaDialog.app/Contents/MacOS:/usr/local/git/bin:/usr/local/bin:/Users/pavlenkv/apache-maven-3.3.3/bin:/Users/pavlenkv/mongodb/bin
10 verbose lifecycle Test@0.0.1~dev: CWD: /Users/pavlenkv/testproj
11 silly lifecycle Test@0.0.1~dev: Args: [ '-c', 'tsc && concurrently "npm start" "gulp"' ]
12 silly lifecycle Test@0.0.1~dev: Returned: code: 2  signal: null
13 info lifecycle Test@0.0.1~dev: Failed to exec dev script
14 verbose stack Error: Test@0.0.1 dev: `tsc && concurrently "npm start" "gulp"`
14 verbose stack Exit status 2
14 verbose stack     at EventEmitter.<anonymous> (/usr/local/lib/node_modules/npm/lib/utils/lifecycle.js:245:16)
14 verbose stack     at emitTwo (events.js:106:13)
14 verbose stack     at EventEmitter.emit (events.js:191:7)
14 verbose stack     at ChildProcess.<anonymous> (/usr/local/lib/node_modules/npm/lib/utils/spawn.js:24:14)
14 verbose stack     at emitTwo (events.js:106:13)
14 verbose stack     at ChildProcess.emit (events.js:191:7)
14 verbose stack     at maybeClose (internal/child_process.js:850:16)
14 verbose stack     at Process.ChildProcess._handle.onexit (internal/child_process.js:215:5)
15 verbose pkgid Test@0.0.1
16 verbose cwd /Users/pavlenkv/testproj
17 error Darwin 14.5.0
18 error argv "/usr/local/bin/node" "/usr/local/lib/node_modules/npm/bin/npm-cli.js" "run" "dev"
19 error node v6.1.0
20 error npm  v3.9.0
21 error code ELIFECYCLE
22 error Test@0.0.1 dev: `tsc && concurrently "npm start" "gulp"`
22 error Exit status 2
23 error Failed at the Test@0.0.1 dev script 'tsc && concurrently "npm start" "gulp"'.
23 error Make sure you have the latest version of node.js and npm installed.
23 error If you do, this is most likely a problem with the Test package,
23 error not with npm itself.
23 error Tell the author that this fails on your system:
23 error     tsc && concurrently "npm start" "gulp"
23 error You can get information on how to open an issue for this project with:
23 error     npm bugs Test
23 error Or if that isn't available, you can get their info via:
23 error     npm owner ls Test
23 error There is likely additional logging output above.
24 verbose exit [ 1, true ]
